21:19:57.739 [http-bio-9968-exec-10] WARN  c.g.dandelion.core.asset.AssetMapper - No location found for delegate on AssetStorageUnit [name=dandelion-datatables, version=0.10.0, type=js, dom=null, locations={delegate=dandelion-datatables.js}, attributes=null, attributesOnlyName=[]]
Jun 16, 2014 9:19:57 PM org.apache.catalina.core.StandardWrapperValve invoke
SEVERE: Servlet.service() for servlet [onlineapplication] in context with path [/onlineapp] threw exception
java.lang.NullPointerException
	at java.io.StringReader.<init>(StringReader.java:50)
	at com.github.dandelion.core.asset.processor.AssetProcessorManager.process(AssetProcessorManager.java:82)
	at com.github.dandelion.core.asset.AssetQuery.<init>(AssetQuery.java:81)
	at com.github.dandelion.core.web.DandelionFilter.doFilter(DandelionFilter.java:120)
	at org.apache.catalina.core.ApplicationFilterChain.internalDoFilter(ApplicationFilterChain.java:243)
	at org.apache.catalina.core.ApplicationFilterChain.doFilter(ApplicationFilterChain.java:210)
	at org.springframework.web.filter.CharacterEncodingFilter.doFilterInternal(CharacterEncodingFilter.java:88)
	at org.springframework.web.filter.OncePerRequestFilter.doFilter(OncePerRequestFilter.java:108)
	at org.apache.catalina.core.ApplicationFilterChain.internalDoFilter(ApplicationFilterChain.java:243)
	at org.apache.catalina.core.ApplicationFilterChain.doFilter(ApplicationFilterChain.java:210)
	at org.apache.catalina.core.StandardWrapperValve.invoke(StandardWrapperValve.java:222)
	at org.apache.catalina.core.StandardContextValve.invoke(StandardContextValve.java:123)
	at org.apache.catalina.core.StandardHostValve.invoke(StandardHostValve.java:171)
	at org.apache.catalina.valves.ErrorReportValve.invoke(ErrorReportValve.java:100)
	at org.apache.catalina.valves.AccessLogValve.invoke(AccessLogValve.java:953)
	at org.apache.catalina.core.StandardEngineValve.invoke(StandardEngineValve.java:118)
	at org.apache.catalina.connector.CoyoteAdapter.service(CoyoteAdapter.java:408)
	at org.apache.coyote.http11.AbstractHttp11Processor.process(AbstractHttp11Processor.java:1041)
	at org.apache.coyote.AbstractProtocol$AbstractConnectionHandler.process(AbstractProtocol.java:603)
	at org.apache.tomcat.util.net.JIoEndpoint$SocketProcessor.run(JIoEndpoint.java:312)
	at java.util.concurrent.ThreadPoolExecutor.runWorker(ThreadPoolExecutor.java:1145)
	at java.util.concurrent.ThreadPoolExecutor$Worker.run(ThreadPoolExecutor.java:615)
	at java.lang.Thread.run(Thread.java:744)

Hibernate: select applicatio0_.id as id1_1_, applicatio0_.application_name as applicat2_1_, a

